app/build/intermediates/manifest_merge_blame_file/release/manifest-merger-blame-release-report.txt
1<?xml version="1.0" encoding="utf-8"?>
2<manifest xmlns:android="http://schemas.android.com/apk/res/android"
3    package="com.plcoding.bluelink"
4    android:versionCode="7"
5    android:versionName="1.1" >
6
7    <uses-sdk
8        android:minSdkVersion="24"
8-->src\main\AndroidManifest.xml
9        android:targetSdkVersion="34" />
9-->src\main\AndroidManifest.xml
10
11    <uses-permission
11-->src\main\AndroidManifest.xml:5:5-95
12        android:name="android.permission.BLUETOOTH"
12-->src\main\AndroidManifest.xml:5:22-65
13        android:maxSdkVersion="32" />
13-->src\main\AndroidManifest.xml:5:66-92
14    <uses-permission android:name="android.permission.BLUETOOTH_CONNECT" />
14-->src\main\AndroidManifest.xml:6:5-76
14-->src\main\AndroidManifest.xml:6:22-73
15    <uses-permission
15-->src\main\AndroidManifest.xml:7:5-8:58
16        android:name="android.permission.BLUETOOTH_SCAN"
16-->src\main\AndroidManifest.xml:7:22-70
17        android:usesPermissionFlags="neverForLocation" />
17-->src\main\AndroidManifest.xml:8:9-55
18    <uses-permission android:name="android.permission.READ_MEDIA_IMAGES" />
18-->src\main\AndroidManifest.xml:9:5-76
18-->src\main\AndroidManifest.xml:9:22-73
19    <uses-permission android:name="android.permission.READ_MEDIA_VIDEO" />
19-->src\main\AndroidManifest.xml:10:5-75
19-->src\main\AndroidManifest.xml:10:22-72
20    <uses-permission android:name="android.permission.READ_MEDIA_AUDIO" />
20-->src\main\AndroidManifest.xml:11:5-75
20-->src\main\AndroidManifest.xml:11:22-72
21
22    <application
22-->src\main\AndroidManifest.xml:13:5-44:19
23        android:name="com.plcoding.bluelink.BluetoothApp"
23-->src\main\AndroidManifest.xml:14:9-58
24        android:allowBackup="true"
24-->src\main\AndroidManifest.xml:15:9-35
25        android:appComponentFactory="androidx.core.app.CoreComponentFactory"
25-->[androidx.core:core:1.8.0] AndroidManifest.xml:24:18-86
26        android:extractNativeLibs="false"
27        android:icon="@drawable/logo"
27-->src\main\AndroidManifest.xml:16:9-38
28        android:label="@string/app_name"
28-->src\main\AndroidManifest.xml:17:9-41
29        android:supportsRtl="true"
29-->src\main\AndroidManifest.xml:18:9-35
30        android:theme="@style/Theme.BluetoothChat" >
30-->src\main\AndroidManifest.xml:19:9-51
31        <provider
32            android:name="androidx.core.content.FileProvider"
32-->src\main\AndroidManifest.xml:23:13-62
33            android:authorities="com.plcoding.bluelink.provider"
33-->src\main\AndroidManifest.xml:24:13-60
34            android:exported="false"
34-->src\main\AndroidManifest.xml:25:13-37
35            android:grantUriPermissions="true" >
35-->src\main\AndroidManifest.xml:26:13-47
36            <meta-data
36-->src\main\AndroidManifest.xml:27:13-29:54
37                android:name="android.support.FILE_PROVIDER_PATHS"
37-->src\main\AndroidManifest.xml:28:17-67
38                android:resource="@xml/file_paths" />
38-->src\main\AndroidManifest.xml:29:17-51
39        </provider>
40
41        <activity
41-->src\main\AndroidManifest.xml:32:9-43:20
42            android:name="com.plcoding.bluelink.presentation.MainActivity"
42-->src\main\AndroidManifest.xml:33:13-75
43            android:exported="true"
43-->src\main\AndroidManifest.xml:34:13-36
44            android:label="@string/app_name"
44-->src\main\AndroidManifest.xml:36:13-45
45            android:screenOrientation="portrait"
45-->src\main\AndroidManifest.xml:38:13-49
46            android:theme="@style/Theme.BluetoothChat"
46-->src\main\AndroidManifest.xml:37:13-55
47            android:windowSoftInputMode="adjustResize" >
47-->src\main\AndroidManifest.xml:35:13-55
48            <intent-filter>
48-->src\main\AndroidManifest.xml:39:13-42:29
49                <action android:name="android.intent.action.MAIN" />
49-->src\main\AndroidManifest.xml:40:17-69
49-->src\main\AndroidManifest.xml:40:25-66
50
51                <category android:name="android.intent.category.LAUNCHER" />
51-->src\main\AndroidManifest.xml:41:17-77
51-->src\main\AndroidManifest.xml:41:27-74
52            </intent-filter>
53        </activity>
54
55        <service
55-->[androidx.room:room-runtime:2.5.0] AndroidManifest.xml:24:9-28:63
56            android:name="androidx.room.MultiInstanceInvalidationService"
56-->[androidx.room:room-runtime:2.5.0] AndroidManifest.xml:25:13-74
57            android:directBootAware="true"
57-->[androidx.room:room-runtime:2.5.0] AndroidManifest.xml:26:13-43
58            android:exported="false" />
58-->[androidx.room:room-runtime:2.5.0] AndroidManifest.xml:27:13-37
59
60        <provider
60-->[androidx.profileinstaller:profileinstaller:1.2.0] AndroidManifest.xml:25:9-33:20
61            android:name="androidx.startup.InitializationProvider"
61-->[androidx.profileinstaller:profileinstaller:1.2.0] AndroidManifest.xml:26:13-67
62            android:authorities="com.plcoding.bluelink.androidx-startup"
62-->[androidx.profileinstaller:profileinstaller:1.2.0] AndroidManifest.xml:27:13-68
63            android:exported="false" >
63-->[androidx.profileinstaller:profileinstaller:1.2.0] AndroidManifest.xml:28:13-37
64            <meta-data
64-->[androidx.profileinstaller:profileinstaller:1.2.0] AndroidManifest.xml:30:13-32:52
65                android:name="androidx.profileinstaller.ProfileInstallerInitializer"
65-->[androidx.profileinstaller:profileinstaller:1.2.0] AndroidManifest.xml:31:17-85
66                android:value="androidx.startup" />
66-->[androidx.profileinstaller:profileinstaller:1.2.0] AndroidManifest.xml:32:17-49
67        </provider>
68
69        <receiver
69-->[androidx.profileinstaller:profileinstaller:1.2.0] AndroidManifest.xml:35:9-47:20
70            android:name="androidx.profileinstaller.ProfileInstallReceiver"
70-->[androidx.profileinstaller:profileinstaller:1.2.0] AndroidManifest.xml:36:13-76
71            android:directBootAware="false"
71-->[androidx.profileinstaller:profileinstaller:1.2.0] AndroidManifest.xml:37:13-44
72            android:enabled="true"
72-->[androidx.profileinstaller:profileinstaller:1.2.0] AndroidManifest.xml:38:13-35
73            android:exported="true"
73-->[androidx.profileinstaller:profileinstaller:1.2.0] AndroidManifest.xml:39:13-36
74            android:permission="android.permission.DUMP" >
74-->[androidx.profileinstaller:profileinstaller:1.2.0] AndroidManifest.xml:40:13-57
75            <intent-filter>
75-->[androidx.profileinstaller:profileinstaller:1.2.0] AndroidManifest.xml:41:13-43:29
76                <action android:name="androidx.profileinstaller.action.INSTALL_PROFILE" />
76-->[androidx.profileinstaller:profileinstaller:1.2.0] AndroidManifest.xml:42:17-91
76-->[androidx.profileinstaller:profileinstaller:1.2.0] AndroidManifest.xml:42:25-88
77            </intent-filter>
78            <intent-filter>
78-->[androidx.profileinstaller:profileinstaller:1.2.0] AndroidManifest.xml:44:13-46:29
79                <action android:name="androidx.profileinstaller.action.SKIP_FILE" />
79-->[androidx.profileinstaller:profileinstaller:1.2.0] AndroidManifest.xml:45:17-85
79-->[androidx.profileinstaller:profileinstaller:1.2.0] AndroidManifest.xml:45:25-82
80            </intent-filter>
81        </receiver>
82    </application>
83
84</manifest>